2019-06-25 14:36:54.110 febs [main] INFO  com.demo.test.TestApplication - Starting TestApplication on WIN-9U74MRKP6HV with PID 14472 (C:\Users\Administrator\Documents\MEGAsync\lingt\Springboot_log\target\classes started by Administrator in C:\Users\Administrator\Documents\MEGAsync\lingt\Springboot_log)
2019-06-25 14:36:54.121 febs [main] INFO  com.demo.test.TestApplication - No active profile set, falling back to default profiles: default
2019-06-25 14:36:58.375 febs [main] INFO  o.s.b.w.e.tomcat.TomcatWebServer - Tomcat initialized with port(s): 8083 (http)
2019-06-25 14:36:58.549 febs [main] INFO  o.a.coyote.http11.Http11NioProtocol - Initializing ProtocolHandler ["http-nio-8083"]
2019-06-25 14:36:58.586 febs [main] INFO  o.a.catalina.core.StandardService - Starting service [Tomcat]
2019-06-25 14:36:58.587 febs [main] INFO  o.a.catalina.core.StandardEngine - Starting Servlet engine: [Apache Tomcat/9.0.19]
2019-06-25 14:36:58.649 febs [main] INFO  o.a.c.core.AprLifecycleListener - Loaded APR based Apache Tomcat Native library [1.2.21] using APR version [1.6.5].
2019-06-25 14:36:58.650 febs [main] INFO  o.a.c.core.AprLifecycleListener - APR capabilities: IPv6 [true], sendfile [true], accept filters [false], random [true].
2019-06-25 14:36:58.651 febs [main] INFO  o.a.c.core.AprLifecycleListener - APR/OpenSSL configuration: useAprConnector [false], useOpenSSL [true]
2019-06-25 14:36:58.667 febs [main] INFO  o.a.c.core.AprLifecycleListener - OpenSSL successfully initialized [OpenSSL 1.1.1a  20 Nov 2018]
2019-06-25 14:36:59.187 febs [main] INFO  o.a.c.c.C.[Tomcat].[localhost].[/] - Initializing Spring embedded WebApplicationContext
2019-06-25 14:36:59.187 febs [main] INFO  o.s.web.context.ContextLoader - Root WebApplicationContext: initialization completed in 4897 ms
2019-06-25 14:37:00.284 febs [main] INFO  o.s.s.c.ThreadPoolTaskExecutor - Initializing ExecutorService 'applicationTaskExecutor'
2019-06-25 14:37:01.039 febs [main] INFO  o.a.coyote.http11.Http11NioProtocol - Starting ProtocolHandler ["http-nio-8083"]
2019-06-25 14:37:01.180 febs [main] INFO  o.s.b.w.e.tomcat.TomcatWebServer - Tomcat started on port(s): 8083 (http) with context path ''
2019-06-25 14:37:01.202 febs [main] INFO  com.demo.test.TestApplication - Started TestApplication in 10.971 seconds (JVM running for 27.133)
2019-06-25 14:37:49.919 febs [http-nio-8083-exec-3] INFO  o.a.c.c.C.[Tomcat].[localhost].[/] - Initializing Spring DispatcherServlet 'dispatcherServlet'
2019-06-25 14:37:49.919 febs [http-nio-8083-exec-3] INFO  o.s.web.servlet.DispatcherServlet - Initializing Servlet 'dispatcherServlet'
2019-06-25 14:37:49.936 febs [http-nio-8083-exec-3] INFO  o.s.web.servlet.DispatcherServlet - Completed initialization in 17 ms
2019-06-25 14:37:50.018 febs [http-nio-8083-exec-3] INFO  com.demo.test.web.LogController - 123
2019-06-25 14:54:16.454 febs [Thread-41] INFO  o.s.s.c.ThreadPoolTaskExecutor - Shutting down ExecutorService 'applicationTaskExecutor'
